Aug. 04, 2024 10:11:19 P.M. data_classes.BankAccount logTransaction
INFO: Account No: 12345 - Withdrawal: $100.00, New Balance: $900.00
Aug. 04, 2024 10:11:19 P.M. data_classes.BankAccount transferAmount
SEVERE: Insufficient funds for transfer. Current balance: $1000.00
Aug. 04, 2024 10:11:19 P.M. data_classes.BankAccount logTransaction
INFO: Account No: 12345 - Deposit: $100.00, New Balance: $1100.00
Aug. 04, 2024 10:11:19 P.M. data_classes.BankAccount logTransaction
INFO: Account No: 111009 - Deposit: $500.00, New Balance: $1500.00
Aug. 04, 2024 10:11:19 P.M. data_classes.BankAccount logTransaction
INFO: Account No: 12345 - Transfer: $500.00, New Balance: $500.00
Aug. 04, 2024 10:12:29 P.M. data_classes.BankAccount logTransaction
INFO: Account No: 12345 - Withdrawal: $100.00, New Balance: $900.00
Aug. 04, 2024 10:12:29 P.M. data_classes.BankAccount transferAmount
SEVERE: Insufficient funds for transfer. Current balance: $1000.00
Aug. 04, 2024 10:12:29 P.M. data_classes.BankAccount logTransaction
INFO: Account No: 12345 - Deposit: $100.00, New Balance: $1100.00
Aug. 04, 2024 10:12:29 P.M. data_classes.BankAccount logTransaction
INFO: Account No: 111009 - Deposit: $500.00, New Balance: $1500.00
Aug. 04, 2024 10:12:29 P.M. data_classes.BankAccount logTransaction
INFO: Account No: 12345 - Transfer: $500.00, New Balance: $500.00
Aug. 04, 2024 10:47:56 P.M. data_classes.BankAccount logTransaction
INFO: Account No: 12345 - Withdrawal: $100.00, New Balance: $900.00
Aug. 04, 2024 10:47:56 P.M. data_classes.BankAccount transferAmount
SEVERE: Insufficient funds for transfer. Current balance: $1000.00
Aug. 04, 2024 10:47:56 P.M. data_classes.BankAccount logTransaction
INFO: Account No: 12345 - Deposit: $100.00, New Balance: $1100.00
Aug. 04, 2024 10:47:56 P.M. data_classes.BankAccount logTransaction
INFO: Account No: 111009 - Deposit: $500.00, New Balance: $1500.00
Aug. 04, 2024 10:47:56 P.M. data_classes.BankAccount logTransaction
INFO: Account No: 12345 - Transfer: $500.00, New Balance: $500.00
